<?xml version="1.0" encoding="UTF-8"?>
<!-- Generated by org.testng.reporters.JUnitReportReporter -->
<testsuite hostname="JarvisLaptop" failures="0" tests="1" name="validateTitle" time="12.024" errors="0" timestamp="2022-03-07T07:01:24 IST" skipped="0">
  <testcase classname="validateTitle" name="login" time="12.024"/>
  <system-out/>
</testsuite> <!-- validateTitle -->
